%!Adobe-FontList 1.24
%Locale:0xc0a

%BeginFont
Handler:DirectoryHandler
FontType:Invalid
OutlineFileName:C:\Users\celia.ramirez\OneDrive - Verisure\Desktop\celia\ymandatory\Font\AnyConv.com__CormorantGaramond-Bold.woff
FileModTime:1702897638
%EndFont

%BeginFont
Handler:DirectoryHandler
FontType:Invalid
OutlineFileName:C:\Users\celia.ramirez\OneDrive - Verisure\Desktop\celia\ymandatory\Font\AnyConv.com__CormorantGaramond-Light.woff
FileModTime:1702897858
%EndFont

%BeginFont
Handler:DirectoryHandler
FontType:Invalid
OutlineFileName:C:\Users\celia.ramirez\OneDrive - Verisure\Desktop\celia\ymandatory\Font\AnyConv.com__georgia.woff
FileModTime:1703056698
%EndFont

%BeginFont
Handler:DirectoryHandler
FontType:Invalid
OutlineFileName:C:\Users\celia.ramirez\OneDrive - Verisure\Desktop\celia\ymandatory\Font\Saturday.woff
FileModTime:1701679678
%EndFont

%BeginFont
Handler:DirectoryHandler
FontType:TrueType
FontName:Georgia
FamilyName:Georgia
StyleName:Regular
FullName:Georgia
MenuName:Georgia
StyleBits:0
WritingScript:Roman
OutlineFileName:C:\Users\celia.ramirez\OneDrive - Verisure\Desktop\celia\ymandatory\Font\georgia.ttf
DataFormat:sfntData
hasSVG:no
hasCOLR:no
VariableFontType:NonVariableFont
FileLength:142964
FileModTime:1703055712
WeightClass:400
WidthClass:5
AngleClass:0
NameArray:0,Mac,4,Georgia
NameArray:0,Win,1,Georgia
%EndFont

